<?xml version="1.0" encoding="UTF-8"?>
<!-- Generated by org.testng.reporters.JUnitReportReporter -->
<testsuite hostname="MYDUYEN" failures="0" tests="1" name="simpleTest.Ab" time="0.057" errors="0" timestamp="2024-10-02T01:42:40 ICT" skipped="0">
  <testcase classname="simpleTest.Ab" name="additionTest" time="0.057"/>
  <system-out/>
</testsuite> <!-- simpleTest.Ab -->
